[1.497s] Invoking command in '/home/amos/cs_ws/build/arcs3r21v2_description': PYTHONPATH=/home/amos/cs_ws/build/arcs3r21v2_description/prefix_override:/usr/lib/python3/dist-packages/colcon_core/task/python/colcon_distutils_commands:/home/amos/cs_ws/install/arcs3r21v2_description/lib/python3.10/site-packages:${PYTHONPATH} /usr/bin/python3 -W ignore:setup.py install is deprecated setup.py develop --editable --build-directory /home/amos/cs_ws/build/arcs3r21v2_description/build --no-deps symlink_data
[1.922s] /usr/lib/python3/dist-packages/setuptools/dist.py:723: UserWarning: Usage of dash-separated 'script-dir' will not be supported in future versions. Please use the underscore name 'script_dir' instead
[1.922s]   warnings.warn(
[1.979s] running develop
[1.979s] /usr/lib/python3/dist-packages/setuptools/command/easy_install.py:158: EasyInstallDeprecationWarning: easy_install command is deprecated. Use build and pip and other standards-based tools.
[1.979s]   warnings.warn(
[2.247s] running egg_info
[2.249s] writing arcs3r21v2_description.egg-info/PKG-INFO
[2.251s] writing dependency_links to arcs3r21v2_description.egg-info/dependency_links.txt
[2.253s] writing entry points to arcs3r21v2_description.egg-info/entry_points.txt
[2.254s] writing requirements to arcs3r21v2_description.egg-info/requires.txt
[2.256s] writing top-level names to arcs3r21v2_description.egg-info/top_level.txt
[2.261s] reading manifest file 'arcs3r21v2_description.egg-info/SOURCES.txt'
[2.264s] writing manifest file 'arcs3r21v2_description.egg-info/SOURCES.txt'
[2.272s] running build_ext
[2.274s] Creating /home/amos/cs_ws/install/arcs3r21v2_description/lib/python3.10/site-packages/arcs3r21v2-description.egg-link (link to .)
[2.280s] 
[2.280s] Installed /home/amos/cs_ws/build/arcs3r21v2_description
[2.280s] running symlink_data
[2.396s] Invoked command in '/home/amos/cs_ws/build/arcs3r21v2_description' returned '0': PYTHONPATH=/home/amos/cs_ws/build/arcs3r21v2_description/prefix_override:/usr/lib/python3/dist-packages/colcon_core/task/python/colcon_distutils_commands:/home/amos/cs_ws/install/arcs3r21v2_description/lib/python3.10/site-packages:${PYTHONPATH} /usr/bin/python3 -W ignore:setup.py install is deprecated setup.py develop --editable --build-directory /home/amos/cs_ws/build/arcs3r21v2_description/build --no-deps symlink_data
