[3.608s] Invoking command in '/home/amos/cs_ws/build/arcs3r21v2_description': PYTHONPATH=/home/amos/cs_ws/build/arcs3r21v2_description/prefix_override:/usr/lib/python3/dist-packages/colcon_core/task/python/colcon_distutils_commands:/home/amos/cs_ws/install/arcs3r21v2_description/lib/python3.10/site-packages:${PYTHONPATH} /usr/bin/python3 -W ignore:setup.py install is deprecated setup.py develop --editable --build-directory /home/amos/cs_ws/build/arcs3r21v2_description/build --no-deps symlink_data
[4.475s] /usr/lib/python3/dist-packages/setuptools/dist.py:723: UserWarning: Usage of dash-separated 'script-dir' will not be supported in future versions. Please use the underscore name 'script_dir' instead
[4.481s]   warnings.warn(
[4.633s] running develop
[4.634s] /usr/lib/python3/dist-packages/setuptools/command/easy_install.py:158: EasyInstallDeprecationWarning: easy_install command is deprecated. Use build and pip and other standards-based tools.
[4.635s]   warnings.warn(
[5.498s] running egg_info
[5.498s] writing arcs3r21v2_description.egg-info/PKG-INFO
[5.502s] writing dependency_links to arcs3r21v2_description.egg-info/dependency_links.txt
[5.502s] writing entry points to arcs3r21v2_description.egg-info/entry_points.txt
[5.504s] writing requirements to arcs3r21v2_description.egg-info/requires.txt
[5.504s] writing top-level names to arcs3r21v2_description.egg-info/top_level.txt
[5.513s] reading manifest file 'arcs3r21v2_description.egg-info/SOURCES.txt'
[5.519s] writing manifest file 'arcs3r21v2_description.egg-info/SOURCES.txt'
[5.531s] running build_ext
[5.534s] Creating /home/amos/cs_ws/install/arcs3r21v2_description/lib/python3.10/site-packages/arcs3r21v2-description.egg-link (link to .)
[5.538s] 
[5.552s] Installed /home/amos/cs_ws/build/arcs3r21v2_description
[5.552s] running symlink_data
[5.660s] Invoked command in '/home/amos/cs_ws/build/arcs3r21v2_description' returned '0': PYTHONPATH=/home/amos/cs_ws/build/arcs3r21v2_description/prefix_override:/usr/lib/python3/dist-packages/colcon_core/task/python/colcon_distutils_commands:/home/amos/cs_ws/install/arcs3r21v2_description/lib/python3.10/site-packages:${PYTHONPATH} /usr/bin/python3 -W ignore:setup.py install is deprecated setup.py develop --editable --build-directory /home/amos/cs_ws/build/arcs3r21v2_description/build --no-deps symlink_data
