[0.868s] DEBUG:colcon:Command line arguments: ['/usr/bin/colcon', 'list', '-p', '--base-paths', '/home/amos/cs_ws']
[0.869s] DEBUG:colcon:Parsed command line arguments: Namespace(log_base=None, log_level=None, verb_name='list', build_base='build', ignore_user_meta=False, metas=['./colcon.meta'], base_paths=['/home/amos/cs_ws'], packages_ignore=None, packages_ignore_regex=None, paths=None, packages_up_to=None, packages_up_to_regex=None, packages_above=None, packages_above_and_dependencies=None, packages_above_depth=None, packages_select_by_dep=None, packages_skip_by_dep=None, packages_skip_up_to=None, packages_select_build_failed=False, packages_skip_build_finished=False, packages_select_test_failures=False, packages_skip_test_passed=False, packages_select=None, packages_skip=None, packages_select_regex=None, packages_skip_regex=None, packages_start=None, packages_end=None, allow_overriding=[], topological_order=False, names_only=False, paths_only=True, topological_graph=False, topological_graph_dot=False, topological_graph_density=False, topological_graph_legend=False, topological_graph_dot_cluster=False, topological_graph_dot_include_skipped=False, verb_parser=<colcon_defaults.argument_parser.defaults.DefaultArgumentsDecorator object at 0x71bb23921870>, verb_extension=<colcon_package_information.verb.list.ListVerb object at 0x71bb23a41b10>, main=<bound method ListVerb.main of <colcon_package_information.verb.list.ListVerb object at 0x71bb23a41b10>>)
[2.627s] Level 1:colcon.colcon_core.package_discovery:discover_packages(colcon_meta) check parameters
[2.627s] Level 1:colcon.colcon_core.package_discovery:discover_packages(recursive) check parameters
[2.677s] Level 1:colcon.colcon_core.package_discovery:discover_packages(ignore) check parameters
[2.677s] Level 1:colcon.colcon_core.package_discovery:discover_packages(path) check parameters
[2.677s] Level 1:colcon.colcon_core.package_discovery:discover_packages(recursive) discover
[2.678s] INFO:colcon.colcon_core.package_discovery:Crawling recursively for packages in '/home/amos/cs_ws'
[2.678s] Level 1:colcon.colcon_core.package_identification:_identify(/home/amos/cs_ws) by extensions ['ignore', 'ignore_ament_install']
[2.678s] Level 1:colcon.colcon_core.package_identification:_identify(/home/amos/cs_ws) by extension 'ignore'
[2.678s] Level 1:colcon.colcon_core.package_identification:_identify(/home/amos/cs_ws) by extension 'ignore_ament_install'
[2.678s] Level 1:colcon.colcon_core.package_identification:_identify(/home/amos/cs_ws) by extensions ['colcon_pkg']
[2.678s] Level 1:colcon.colcon_core.package_identification:_identify(/home/amos/cs_ws) by extension 'colcon_pkg'
[2.678s] Level 1:colcon.colcon_core.package_identification:_identify(/home/amos/cs_ws) by extensions ['colcon_meta']
[2.678s] Level 1:colcon.colcon_core.package_identification:_identify(/home/amos/cs_ws) by extension 'colcon_meta'
[2.678s] Level 1:colcon.colcon_core.package_identification:_identify(/home/amos/cs_ws) by extensions ['ros']
[2.678s] Level 1:colcon.colcon_core.package_identification:_identify(/home/amos/cs_ws) by extension 'ros'
[2.984s] Level 1:colcon.colcon_core.package_identification:_identify(/home/amos/cs_ws) by extensions ['cmake', 'python']
[2.984s] Level 1:colcon.colcon_core.package_identification:_identify(/home/amos/cs_ws) by extension 'cmake'
[2.984s] Level 1:colcon.colcon_core.package_identification:_identify(/home/amos/cs_ws) by extension 'python'
[2.984s] Level 1:colcon.colcon_core.package_identification:_identify(/home/amos/cs_ws) by extensions ['python_setup_py']
[2.984s] Level 1:colcon.colcon_core.package_identification:_identify(/home/amos/cs_ws) by extension 'python_setup_py'
[2.984s] Level 1:colcon.colcon_core.package_identification:_identify(/home/amos/cs_ws/build) by extensions ['ignore', 'ignore_ament_install']
[2.984s] Level 1:colcon.colcon_core.package_identification:_identify(/home/amos/cs_ws/build) by extension 'ignore'
[2.984s] Level 1:colcon.colcon_core.package_identification:_identify(/home/amos/cs_ws/build) ignored
[2.985s] Level 1:colcon.colcon_core.package_identification:_identify(/home/amos/cs_ws/install) by extensions ['ignore', 'ignore_ament_install']
[3.015s] Level 1:colcon.colcon_core.package_identification:_identify(/home/amos/cs_ws/install) by extension 'ignore'
[3.015s] Level 1:colcon.colcon_core.package_identification:_identify(/home/amos/cs_ws/install) ignored
[3.016s] Level 1:colcon.colcon_core.package_identification:_identify(/home/amos/cs_ws/log) by extensions ['ignore', 'ignore_ament_install']
[3.016s] Level 1:colcon.colcon_core.package_identification:_identify(/home/amos/cs_ws/log) by extension 'ignore'
[3.016s] Level 1:colcon.colcon_core.package_identification:_identify(/home/amos/cs_ws/log) ignored
[3.016s] Level 1:colcon.colcon_core.package_identification:_identify(/home/amos/cs_ws/src) by extensions ['ignore', 'ignore_ament_install']
[3.016s] Level 1:colcon.colcon_core.package_identification:_identify(/home/amos/cs_ws/src) by extension 'ignore'
[3.016s] Level 1:colcon.colcon_core.package_identification:_identify(/home/amos/cs_ws/src) by extension 'ignore_ament_install'
[3.017s] Level 1:colcon.colcon_core.package_identification:_identify(/home/amos/cs_ws/src) by extensions ['colcon_pkg']
[3.017s] Level 1:colcon.colcon_core.package_identification:_identify(/home/amos/cs_ws/src) by extension 'colcon_pkg'
[3.017s] Level 1:colcon.colcon_core.package_identification:_identify(/home/amos/cs_ws/src) by extensions ['colcon_meta']
[3.017s] Level 1:colcon.colcon_core.package_identification:_identify(/home/amos/cs_ws/src) by extension 'colcon_meta'
[3.017s] Level 1:colcon.colcon_core.package_identification:_identify(/home/amos/cs_ws/src) by extensions ['ros']
[3.017s] Level 1:colcon.colcon_core.package_identification:_identify(/home/amos/cs_ws/src) by extension 'ros'
[3.017s] Level 1:colcon.colcon_core.package_identification:_identify(/home/amos/cs_ws/src) by extensions ['cmake', 'python']
[3.017s] Level 1:colcon.colcon_core.package_identification:_identify(/home/amos/cs_ws/src) by extension 'cmake'
[3.043s] Level 1:colcon.colcon_core.package_identification:_identify(/home/amos/cs_ws/src) by extension 'python'
[3.044s] Level 1:colcon.colcon_core.package_identification:_identify(/home/amos/cs_ws/src) by extensions ['python_setup_py']
[3.044s] Level 1:colcon.colcon_core.package_identification:_identify(/home/amos/cs_ws/src) by extension 'python_setup_py'
[3.044s] Level 1:colcon.colcon_core.package_identification:_identify(/home/amos/cs_ws/src/arcs3r21v2_description) by extensions ['ignore', 'ignore_ament_install']
[3.045s] Level 1:colcon.colcon_core.package_identification:_identify(/home/amos/cs_ws/src/arcs3r21v2_description) by extension 'ignore'
[3.045s] Level 1:colcon.colcon_core.package_identification:_identify(/home/amos/cs_ws/src/arcs3r21v2_description) by extension 'ignore_ament_install'
[3.062s] Level 1:colcon.colcon_core.package_identification:_identify(/home/amos/cs_ws/src/arcs3r21v2_description) by extensions ['colcon_pkg']
[3.062s] Level 1:colcon.colcon_core.package_identification:_identify(/home/amos/cs_ws/src/arcs3r21v2_description) by extension 'colcon_pkg'
[3.062s] Level 1:colcon.colcon_core.package_identification:_identify(/home/amos/cs_ws/src/arcs3r21v2_description) by extensions ['colcon_meta']
[3.063s] Level 1:colcon.colcon_core.package_identification:_identify(/home/amos/cs_ws/src/arcs3r21v2_description) by extension 'colcon_meta'
[3.088s] Level 1:colcon.colcon_core.package_identification:_identify(/home/amos/cs_ws/src/arcs3r21v2_description) by extensions ['ros']
[3.089s] Level 1:colcon.colcon_core.package_identification:_identify(/home/amos/cs_ws/src/arcs3r21v2_description) by extension 'ros'
[3.220s] DEBUG:colcon.colcon_core.package_identification:Package '/home/amos/cs_ws/src/arcs3r21v2_description' with type 'ros.ament_python' and name 'arcs3r21v2_description'
[3.221s] Level 1:colcon.colcon_core.package_discovery:discover_packages(recursive) using defaults
