[3.585s] Invoking command in '/home/amos/cs_ws/src/arcs3r21v2_description': PYTHONPATH=/home/amos/cs_ws/build/arcs3r21v2_description/prefix_override:/usr/lib/python3/dist-packages/colcon_core/task/python/colcon_distutils_commands:/home/amos/cs_ws/install/arcs3r21v2_description/lib/python3.10/site-packages:${PYTHONPATH} /usr/bin/python3 -W ignore:setup.py install is deprecated setup.py egg_info --egg-base ../../build/arcs3r21v2_description build --build-base /home/amos/cs_ws/build/arcs3r21v2_description/build install --record /home/amos/cs_ws/build/arcs3r21v2_description/install.log --install-scripts $base/lib/arcs3r21v2_description --single-version-externally-managed install_data
[4.601s] /usr/lib/python3/dist-packages/setuptools/dist.py:723: UserWarning: Usage of dash-separated 'script-dir' will not be supported in future versions. Please use the underscore name 'script_dir' instead
[4.602s]   warnings.warn(
[4.640s] running egg_info
[4.641s] writing ../../build/arcs3r21v2_description/arcs3r21v2_description.egg-info/PKG-INFO
[4.645s] writing dependency_links to ../../build/arcs3r21v2_description/arcs3r21v2_description.egg-info/dependency_links.txt
[4.646s] writing entry points to ../../build/arcs3r21v2_description/arcs3r21v2_description.egg-info/entry_points.txt
[4.648s] writing requirements to ../../build/arcs3r21v2_description/arcs3r21v2_description.egg-info/requires.txt
[4.649s] writing top-level names to ../../build/arcs3r21v2_description/arcs3r21v2_description.egg-info/top_level.txt
[4.663s] reading manifest file '../../build/arcs3r21v2_description/arcs3r21v2_description.egg-info/SOURCES.txt'
[4.664s] writing manifest file '../../build/arcs3r21v2_description/arcs3r21v2_description.egg-info/SOURCES.txt'
[4.665s] running build
[4.665s] running build_py
[4.665s] running install
[4.667s] running install_lib
[4.668s] running install_data
[4.673s] running install_egg_info
[4.673s] removing '/home/amos/cs_ws/install/arcs3r21v2_description/lib/python3.10/site-packages/arcs3r21v2_description-0.0.0-py3.10.egg-info' (and everything under it)
[4.673s] Copying ../../build/arcs3r21v2_description/arcs3r21v2_description.egg-info to /home/amos/cs_ws/install/arcs3r21v2_description/lib/python3.10/site-packages/arcs3r21v2_description-0.0.0-py3.10.egg-info
[4.674s] running install_scripts
[4.742s] writing list of installed files to '/home/amos/cs_ws/build/arcs3r21v2_description/install.log'
[4.827s] Invoked command in '/home/amos/cs_ws/src/arcs3r21v2_description' returned '0': PYTHONPATH=/home/amos/cs_ws/build/arcs3r21v2_description/prefix_override:/usr/lib/python3/dist-packages/colcon_core/task/python/colcon_distutils_commands:/home/amos/cs_ws/install/arcs3r21v2_description/lib/python3.10/site-packages:${PYTHONPATH} /usr/bin/python3 -W ignore:setup.py install is deprecated setup.py egg_info --egg-base ../../build/arcs3r21v2_description build --build-base /home/amos/cs_ws/build/arcs3r21v2_description/build install --record /home/amos/cs_ws/build/arcs3r21v2_description/install.log --install-scripts $base/lib/arcs3r21v2_description --single-version-externally-managed install_data
