running egg_info
writing ../../build/joint_movement/joint_movement.egg-info/PKG-INFO
writing dependency_links to ../../build/joint_movement/joint_movement.egg-info/dependency_links.txt
writing entry points to ../../build/joint_movement/joint_movement.egg-info/entry_points.txt
writing requirements to ../../build/joint_movement/joint_movement.egg-info/requires.txt
writing top-level names to ../../build/joint_movement/joint_movement.egg-info/top_level.txt
reading manifest file '../../build/joint_movement/joint_movement.egg-info/SOURCES.txt'
writing manifest file '../../build/joint_movement/joint_movement.egg-info/SOURCES.txt'
running build
running build_py
copying joint_movement/movejoint.py -> /home/amos/cs_ws/build/joint_movement/build/lib/joint_movement
running install
running install_lib
copying /home/amos/cs_ws/build/joint_movement/build/lib/joint_movement/movejoint.py -> /home/amos/cs_ws/install/joint_movement/lib/python3.10/site-packages/joint_movement
byte-compiling /home/amos/cs_ws/install/joint_movement/lib/python3.10/site-packages/joint_movement/movejoint.py to movejoint.cpython-310.pyc
running install_data
running install_egg_info
removing '/home/amos/cs_ws/install/joint_movement/lib/python3.10/site-packages/joint_movement-0.0.0-py3.10.egg-info' (and everything under it)
Copying ../../build/joint_movement/joint_movement.egg-info to /home/amos/cs_ws/install/joint_movement/lib/python3.10/site-packages/joint_movement-0.0.0-py3.10.egg-info
running install_scripts
Installing movejoint script to /home/amos/cs_ws/install/joint_movement/lib/joint_movement
writing list of installed files to '/home/amos/cs_ws/build/joint_movement/install.log'
