[1.847s] Invoking command in '/home/amos/cs_ws/build/arcs3r21v2_description': PYTHONPATH=/home/amos/cs_ws/build/arcs3r21v2_description/prefix_override:/usr/lib/python3/dist-packages/colcon_core/task/python/colcon_distutils_commands:/home/amos/cs_ws/install/arcs3r21v2_description/lib/python3.10/site-packages:${PYTHONPATH} /usr/bin/python3 -W ignore:setup.py install is deprecated setup.py develop --editable --build-directory /home/amos/cs_ws/build/arcs3r21v2_description/build --no-deps symlink_data
[2.244s] /usr/lib/python3/dist-packages/setuptools/dist.py:723: UserWarning: Usage of dash-separated 'script-dir' will not be supported in future versions. Please use the underscore name 'script_dir' instead
[2.245s]   warnings.warn(
[2.300s] running develop
[2.300s] /usr/lib/python3/dist-packages/setuptools/command/easy_install.py:158: EasyInstallDeprecationWarning: easy_install command is deprecated. Use build and pip and other standards-based tools.
[2.301s]   warnings.warn(
[2.566s] running egg_info
[2.571s] writing arcs3r21v2_description.egg-info/PKG-INFO
[2.571s] writing dependency_links to arcs3r21v2_description.egg-info/dependency_links.txt
[2.571s] writing entry points to arcs3r21v2_description.egg-info/entry_points.txt
[2.571s] writing requirements to arcs3r21v2_description.egg-info/requires.txt
[2.571s] writing top-level names to arcs3r21v2_description.egg-info/top_level.txt
[2.574s] reading manifest file 'arcs3r21v2_description.egg-info/SOURCES.txt'
[2.575s] writing manifest file 'arcs3r21v2_description.egg-info/SOURCES.txt'
[2.584s] running build_ext
[2.585s] Creating /home/amos/cs_ws/install/arcs3r21v2_description/lib/python3.10/site-packages/arcs3r21v2-description.egg-link (link to .)
[2.589s] 
[2.589s] Installed /home/amos/cs_ws/build/arcs3r21v2_description
[2.589s] running symlink_data
[2.653s] Invoked command in '/home/amos/cs_ws/build/arcs3r21v2_description' returned '0': PYTHONPATH=/home/amos/cs_ws/build/arcs3r21v2_description/prefix_override:/usr/lib/python3/dist-packages/colcon_core/task/python/colcon_distutils_commands:/home/amos/cs_ws/install/arcs3r21v2_description/lib/python3.10/site-packages:${PYTHONPATH} /usr/bin/python3 -W ignore:setup.py install is deprecated setup.py develop --editable --build-directory /home/amos/cs_ws/build/arcs3r21v2_description/build --no-deps symlink_data
