/usr/lib/python3/dist-packages/setuptools/dist.py:723: UserWarning: Usage of dash-separated 'script-dir' will not be supported in future versions. Please use the underscore name 'script_dir' instead
  warnings.warn(
running develop
/usr/lib/python3/dist-packages/setuptools/command/easy_install.py:158: EasyInstallDeprecationWarning: easy_install command is deprecated. Use build and pip and other standards-based tools.
  warnings.warn(
running egg_info
writing arcs3r21v2_description.egg-info/PKG-INFO
writing dependency_links to arcs3r21v2_description.egg-info/dependency_links.txt
writing entry points to arcs3r21v2_description.egg-info/entry_points.txt
writing requirements to arcs3r21v2_description.egg-info/requires.txt
writing top-level names to arcs3r21v2_description.egg-info/top_level.txt
reading manifest file 'arcs3r21v2_description.egg-info/SOURCES.txt'
writing manifest file 'arcs3r21v2_description.egg-info/SOURCES.txt'
running build_ext
Creating /home/amos/cs_ws/install/arcs3r21v2_description/lib/python3.10/site-packages/arcs3r21v2-description.egg-link (link to .)

Installed /home/amos/cs_ws/build/arcs3r21v2_description
running symlink_data
symbolically linking /home/amos/cs_ws/build/arcs3r21v2_description/resource/arcs3r21v2_description -> /home/amos/cs_ws/install/arcs3r21v2_description/share/ament_index/resource_index/packages
symbolically linking /home/amos/cs_ws/build/arcs3r21v2_description/package.xml -> /home/amos/cs_ws/install/arcs3r21v2_description/share/arcs3r21v2_description
symbolically linking /home/amos/cs_ws/build/arcs3r21v2_description/launch/display.launch.py -> /home/amos/cs_ws/install/arcs3r21v2_description/share/arcs3r21v2_description/launch
symbolically linking /home/amos/cs_ws/build/arcs3r21v2_description/launch/gazebo.launch.py -> /home/amos/cs_ws/install/arcs3r21v2_description/share/arcs3r21v2_description/launch
symbolically linking /home/amos/cs_ws/build/arcs3r21v2_description/urdf/arcs3r21v2.trans -> /home/amos/cs_ws/install/arcs3r21v2_description/share/arcs3r21v2_description/urdf
symbolically linking /home/amos/cs_ws/build/arcs3r21v2_description/urdf/materials.xacro -> /home/amos/cs_ws/install/arcs3r21v2_description/share/arcs3r21v2_description/urdf
symbolically linking /home/amos/cs_ws/build/arcs3r21v2_description/urdf/arcs3r21v2.xacro -> /home/amos/cs_ws/install/arcs3r21v2_description/share/arcs3r21v2_description/urdf
symbolically linking /home/amos/cs_ws/build/arcs3r21v2_description/urdf/arcs3r21v2.gazebo -> /home/amos/cs_ws/install/arcs3r21v2_description/share/arcs3r21v2_description/urdf
symbolically linking /home/amos/cs_ws/build/arcs3r21v2_description/meshes/link2_1.stl -> /home/amos/cs_ws/install/arcs3r21v2_description/share/arcs3r21v2_description/meshes
symbolically linking /home/amos/cs_ws/build/arcs3r21v2_description/meshes/link3_1.stl -> /home/amos/cs_ws/install/arcs3r21v2_description/share/arcs3r21v2_description/meshes
symbolically linking /home/amos/cs_ws/build/arcs3r21v2_description/meshes/link4_1.stl -> /home/amos/cs_ws/install/arcs3r21v2_description/share/arcs3r21v2_description/meshes
symbolically linking /home/amos/cs_ws/build/arcs3r21v2_description/meshes/link5_1.stl -> /home/amos/cs_ws/install/arcs3r21v2_description/share/arcs3r21v2_description/meshes
symbolically linking /home/amos/cs_ws/build/arcs3r21v2_description/meshes/base_link.stl -> /home/amos/cs_ws/install/arcs3r21v2_description/share/arcs3r21v2_description/meshes
symbolically linking /home/amos/cs_ws/build/arcs3r21v2_description/meshes/link6_1.stl -> /home/amos/cs_ws/install/arcs3r21v2_description/share/arcs3r21v2_description/meshes
symbolically linking /home/amos/cs_ws/build/arcs3r21v2_description/meshes/link1_1.stl -> /home/amos/cs_ws/install/arcs3r21v2_description/share/arcs3r21v2_description/meshes
symbolically linking /home/amos/cs_ws/build/arcs3r21v2_description/config/display.rviz -> /home/amos/cs_ws/install/arcs3r21v2_description/share/arcs3r21v2_description/config
