[1.400s] Invoking command in '/home/amos/cs_ws/build/arcs3r21v2_description': PYTHONPATH=/home/amos/cs_ws/build/arcs3r21v2_description/prefix_override:/usr/lib/python3/dist-packages/colcon_core/task/python/colcon_distutils_commands:/home/amos/cs_ws/install/arcs3r21v2_description/lib/python3.10/site-packages:${PYTHONPATH} /usr/bin/python3 -W ignore:setup.py install is deprecated setup.py develop --editable --build-directory /home/amos/cs_ws/build/arcs3r21v2_description/build --no-deps symlink_data
[1.922s] /usr/lib/python3/dist-packages/setuptools/dist.py:723: UserWarning: Usage of dash-separated 'script-dir' will not be supported in future versions. Please use the underscore name 'script_dir' instead
[1.925s]   warnings.warn(
[2.056s] running develop
[2.057s] /usr/lib/python3/dist-packages/setuptools/command/easy_install.py:158: EasyInstallDeprecationWarning: easy_install command is deprecated. Use build and pip and other standards-based tools.
[2.057s]   warnings.warn(
[2.381s] running egg_info
[2.382s] writing arcs3r21v2_description.egg-info/PKG-INFO
[2.383s] writing dependency_links to arcs3r21v2_description.egg-info/dependency_links.txt
[2.384s] writing entry points to arcs3r21v2_description.egg-info/entry_points.txt
[2.385s] writing requirements to arcs3r21v2_description.egg-info/requires.txt
[2.386s] writing top-level names to arcs3r21v2_description.egg-info/top_level.txt
[2.392s] reading manifest file 'arcs3r21v2_description.egg-info/SOURCES.txt'
[2.396s] writing manifest file 'arcs3r21v2_description.egg-info/SOURCES.txt'
[2.401s] running build_ext
[2.402s] Creating /home/amos/cs_ws/install/arcs3r21v2_description/lib/python3.10/site-packages/arcs3r21v2-description.egg-link (link to .)
[2.406s] 
[2.406s] Installed /home/amos/cs_ws/build/arcs3r21v2_description
[2.407s] running symlink_data
[2.507s] Invoked command in '/home/amos/cs_ws/build/arcs3r21v2_description' returned '0': PYTHONPATH=/home/amos/cs_ws/build/arcs3r21v2_description/prefix_override:/usr/lib/python3/dist-packages/colcon_core/task/python/colcon_distutils_commands:/home/amos/cs_ws/install/arcs3r21v2_description/lib/python3.10/site-packages:${PYTHONPATH} /usr/bin/python3 -W ignore:setup.py install is deprecated setup.py develop --editable --build-directory /home/amos/cs_ws/build/arcs3r21v2_description/build --no-deps symlink_data
