[0.917s] Invoking command in '/home/amos/cs_ws/src/arcs3r21v2_description': PYTHONPATH=/home/amos/cs_ws/build/arcs3r21v2_description/prefix_override:/usr/lib/python3/dist-packages/colcon_core/task/python/colcon_distutils_commands:/home/amos/cs_ws/install/arcs3r21v2_description/lib/python3.10/site-packages:${PYTHONPATH} /usr/bin/python3 -W ignore:setup.py install is deprecated setup.py egg_info --egg-base ../../build/arcs3r21v2_description build --build-base /home/amos/cs_ws/build/arcs3r21v2_description/build install --record /home/amos/cs_ws/build/arcs3r21v2_description/install.log --install-scripts $base/lib/arcs3r21v2_description --single-version-externally-managed install_data
[1.217s] /usr/lib/python3/dist-packages/setuptools/dist.py:723: UserWarning: Usage of dash-separated 'script-dir' will not be supported in future versions. Please use the underscore name 'script_dir' instead
[1.217s]   warnings.warn(
[1.229s] running egg_info
[1.231s] writing ../../build/arcs3r21v2_description/arcs3r21v2_description.egg-info/PKG-INFO
[1.232s] writing dependency_links to ../../build/arcs3r21v2_description/arcs3r21v2_description.egg-info/dependency_links.txt
[1.233s] writing entry points to ../../build/arcs3r21v2_description/arcs3r21v2_description.egg-info/entry_points.txt
[1.235s] writing requirements to ../../build/arcs3r21v2_description/arcs3r21v2_description.egg-info/requires.txt
[1.237s] writing top-level names to ../../build/arcs3r21v2_description/arcs3r21v2_description.egg-info/top_level.txt
[1.243s] reading manifest file '../../build/arcs3r21v2_description/arcs3r21v2_description.egg-info/SOURCES.txt'
[1.246s] writing manifest file '../../build/arcs3r21v2_description/arcs3r21v2_description.egg-info/SOURCES.txt'
[1.248s] running build
[1.250s] running build_py
[1.250s] running install
[1.250s] running install_lib
[1.251s] running install_data
[1.252s] copying urdf/arcs3r21v2.xacro -> /home/amos/cs_ws/install/arcs3r21v2_description/share/arcs3r21v2_description/urdf
[1.252s] running install_egg_info
[1.254s] removing '/home/amos/cs_ws/install/arcs3r21v2_description/lib/python3.10/site-packages/arcs3r21v2_description-0.0.0-py3.10.egg-info' (and everything under it)
[1.254s] Copying ../../build/arcs3r21v2_description/arcs3r21v2_description.egg-info to /home/amos/cs_ws/install/arcs3r21v2_description/lib/python3.10/site-packages/arcs3r21v2_description-0.0.0-py3.10.egg-info
[1.255s] running install_scripts
[1.282s] writing list of installed files to '/home/amos/cs_ws/build/arcs3r21v2_description/install.log'
[1.321s] Invoked command in '/home/amos/cs_ws/src/arcs3r21v2_description' returned '0': PYTHONPATH=/home/amos/cs_ws/build/arcs3r21v2_description/prefix_override:/usr/lib/python3/dist-packages/colcon_core/task/python/colcon_distutils_commands:/home/amos/cs_ws/install/arcs3r21v2_description/lib/python3.10/site-packages:${PYTHONPATH} /usr/bin/python3 -W ignore:setup.py install is deprecated setup.py egg_info --egg-base ../../build/arcs3r21v2_description build --build-base /home/amos/cs_ws/build/arcs3r21v2_description/build install --record /home/amos/cs_ws/build/arcs3r21v2_description/install.log --install-scripts $base/lib/arcs3r21v2_description --single-version-externally-managed install_data
