[3.779s] Invoking command in '/home/amos/cs_ws/build/joint_movement': PYTHONPATH=/home/amos/cs_ws/build/joint_movement/prefix_override:/usr/lib/python3/dist-packages/colcon_core/task/python/colcon_distutils_commands:/home/amos/cs_ws/install/joint_movement/lib/python3.10/site-packages:${PYTHONPATH} /usr/bin/python3 -W ignore:setup.py install is deprecated setup.py develop --editable --build-directory /home/amos/cs_ws/build/joint_movement/build --no-deps symlink_data --force
[5.360s] running develop
[5.369s] /usr/lib/python3/dist-packages/setuptools/command/easy_install.py:158: EasyInstallDeprecationWarning: easy_install command is deprecated. Use build and pip and other standards-based tools.
[5.369s]   warnings.warn(
[6.173s] running egg_info
[6.177s] writing joint_movement.egg-info/PKG-INFO
[6.179s] writing dependency_links to joint_movement.egg-info/dependency_links.txt
[6.180s] writing entry points to joint_movement.egg-info/entry_points.txt
[6.186s] writing requirements to joint_movement.egg-info/requires.txt
[6.190s] writing top-level names to joint_movement.egg-info/top_level.txt
[6.195s] reading manifest file 'joint_movement.egg-info/SOURCES.txt'
[6.213s] writing manifest file 'joint_movement.egg-info/SOURCES.txt'
[6.238s] running build_ext
[6.253s] Creating /home/amos/cs_ws/install/joint_movement/lib/python3.10/site-packages/joint-movement.egg-link (link to .)
[6.271s] Installing movejoint script to /home/amos/cs_ws/install/joint_movement/lib/joint_movement
[6.280s] 
[6.281s] Installed /home/amos/cs_ws/build/joint_movement
[6.282s] running symlink_data
[6.286s] symbolically linking /home/amos/cs_ws/build/joint_movement/resource/joint_movement -> /home/amos/cs_ws/install/joint_movement/share/ament_index/resource_index/packages
[6.288s] symbolically linking /home/amos/cs_ws/build/joint_movement/package.xml -> /home/amos/cs_ws/install/joint_movement/share/joint_movement
[6.722s] Invoked command in '/home/amos/cs_ws/build/joint_movement' returned '0': PYTHONPATH=/home/amos/cs_ws/build/joint_movement/prefix_override:/usr/lib/python3/dist-packages/colcon_core/task/python/colcon_distutils_commands:/home/amos/cs_ws/install/joint_movement/lib/python3.10/site-packages:${PYTHONPATH} /usr/bin/python3 -W ignore:setup.py install is deprecated setup.py develop --editable --build-directory /home/amos/cs_ws/build/joint_movement/build --no-deps symlink_data --force
