[0.157s] DEBUG:colcon:Command line arguments: ['/usr/bin/colcon', 'build', '--symlink-install']
[0.157s] DEBUG:colcon:Parsed command line arguments: Namespace(log_base=None, log_level=None, verb_name='build', build_base='build', install_base='install', merge_install=False, symlink_install=True, test_result_base=None, continue_on_error=False, executor='parallel', parallel_workers=2, event_handlers=None, ignore_user_meta=False, metas=['./colcon.meta'], base_paths=['.'], packages_ignore=None, packages_ignore_regex=None, paths=None, packages_up_to=None, packages_up_to_regex=None, packages_above=None, packages_above_and_dependencies=None, packages_above_depth=None, packages_select_by_dep=None, packages_skip_by_dep=None, packages_skip_up_to=None, packages_select_build_failed=False, packages_skip_build_finished=False, packages_select_test_failures=False, packages_skip_test_passed=False, packages_select=None, packages_skip=None, packages_select_regex=None, packages_skip_regex=None, packages_start=None, packages_end=None, allow_overriding=[], cmake_args=None, cmake_target=None, cmake_target_skip_unavailable=False, cmake_clean_cache=False, cmake_clean_first=False, cmake_force_configure=False, ament_cmake_args=None, catkin_cmake_args=None, catkin_skip_building_tests=False, verb_parser=<colcon_defaults.argument_parser.defaults.DefaultArgumentsDecorator object at 0x7cd119a181c0>, verb_extension=<colcon_core.verb.build.BuildVerb object at 0x7cd1199e3c40>, main=<bound method BuildVerb.main of <colcon_core.verb.build.BuildVerb object at 0x7cd1199e3c40>>)
[0.351s] Level 1:colcon.colcon_core.package_discovery:discover_packages(colcon_meta) check parameters
[0.351s] Level 1:colcon.colcon_core.package_discovery:discover_packages(recursive) check parameters
[0.352s] Level 1:colcon.colcon_core.package_discovery:discover_packages(ignore) check parameters
[0.352s] Level 1:colcon.colcon_core.package_discovery:discover_packages(path) check parameters
[0.352s] Level 1:colcon.colcon_core.package_discovery:discover_packages(colcon_meta) discover
[0.352s] Level 1:colcon.colcon_core.package_discovery:discover_packages(recursive) discover
[0.353s] INFO:colcon.colcon_core.package_discovery:Crawling recursively for packages in '/home/amos/cs_ws'
[0.353s] Level 1:colcon.colcon_core.package_identification:_identify(.) by extensions ['ignore', 'ignore_ament_install']
[0.353s] Level 1:colcon.colcon_core.package_identification:_identify(.) by extension 'ignore'
[0.353s] Level 1:colcon.colcon_core.package_identification:_identify(.) by extension 'ignore_ament_install'
[0.354s] Level 1:colcon.colcon_core.package_identification:_identify(.) by extensions ['colcon_pkg']
[0.354s] Level 1:colcon.colcon_core.package_identification:_identify(.) by extension 'colcon_pkg'
[0.354s] Level 1:colcon.colcon_core.package_identification:_identify(.) by extensions ['colcon_meta']
[0.354s] Level 1:colcon.colcon_core.package_identification:_identify(.) by extension 'colcon_meta'
[0.354s] Level 1:colcon.colcon_core.package_identification:_identify(.) by extensions ['ros']
[0.355s] Level 1:colcon.colcon_core.package_identification:_identify(.) by extension 'ros'
[0.365s] Level 1:colcon.colcon_core.package_identification:_identify(.) by extensions ['cmake', 'python']
[0.365s] Level 1:colcon.colcon_core.package_identification:_identify(.) by extension 'cmake'
[0.365s] Level 1:colcon.colcon_core.package_identification:_identify(.) by extension 'python'
[0.366s] Level 1:colcon.colcon_core.package_identification:_identify(.) by extensions ['python_setup_py']
[0.366s] Level 1:colcon.colcon_core.package_identification:_identify(.) by extension 'python_setup_py'
[0.366s] Level 1:colcon.colcon_core.package_identification:_identify(build) by extensions ['ignore', 'ignore_ament_install']
[0.366s] Level 1:colcon.colcon_core.package_identification:_identify(build) by extension 'ignore'
[0.367s] Level 1:colcon.colcon_core.package_identification:_identify(build) ignored
[0.367s] Level 1:colcon.colcon_core.package_identification:_identify(install) by extensions ['ignore', 'ignore_ament_install']
[0.367s] Level 1:colcon.colcon_core.package_identification:_identify(install) by extension 'ignore'
[0.367s] Level 1:colcon.colcon_core.package_identification:_identify(install) ignored
[0.368s] Level 1:colcon.colcon_core.package_identification:_identify(log) by extensions ['ignore', 'ignore_ament_install']
[0.368s] Level 1:colcon.colcon_core.package_identification:_identify(log) by extension 'ignore'
[0.368s] Level 1:colcon.colcon_core.package_identification:_identify(log) ignored
[0.368s] Level 1:colcon.colcon_core.package_identification:_identify(src) by extensions ['ignore', 'ignore_ament_install']
[0.368s] Level 1:colcon.colcon_core.package_identification:_identify(src) by extension 'ignore'
[0.369s] Level 1:colcon.colcon_core.package_identification:_identify(src) by extension 'ignore_ament_install'
[0.369s] Level 1:colcon.colcon_core.package_identification:_identify(src) by extensions ['colcon_pkg']
[0.369s] Level 1:colcon.colcon_core.package_identification:_identify(src) by extension 'colcon_pkg'
[0.369s] Level 1:colcon.colcon_core.package_identification:_identify(src) by extensions ['colcon_meta']
[0.369s] Level 1:colcon.colcon_core.package_identification:_identify(src) by extension 'colcon_meta'
[0.370s] Level 1:colcon.colcon_core.package_identification:_identify(src) by extensions ['ros']
[0.370s] Level 1:colcon.colcon_core.package_identification:_identify(src) by extension 'ros'
[0.370s] Level 1:colcon.colcon_core.package_identification:_identify(src) by extensions ['cmake', 'python']
[0.370s] Level 1:colcon.colcon_core.package_identification:_identify(src) by extension 'cmake'
[0.370s] Level 1:colcon.colcon_core.package_identification:_identify(src) by extension 'python'
[0.370s] Level 1:colcon.colcon_core.package_identification:_identify(src) by extensions ['python_setup_py']
[0.371s] Level 1:colcon.colcon_core.package_identification:_identify(src) by extension 'python_setup_py'
[0.371s] Level 1:colcon.colcon_core.package_identification:_identify(src/arcs3r21v2_description) by extensions ['ignore', 'ignore_ament_install']
[0.371s] Level 1:colcon.colcon_core.package_identification:_identify(src/arcs3r21v2_description) by extension 'ignore'
[0.371s] Level 1:colcon.colcon_core.package_identification:_identify(src/arcs3r21v2_description) by extension 'ignore_ament_install'
[0.371s] Level 1:colcon.colcon_core.package_identification:_identify(src/arcs3r21v2_description) by extensions ['colcon_pkg']
[0.372s] Level 1:colcon.colcon_core.package_identification:_identify(src/arcs3r21v2_description) by extension 'colcon_pkg'
[0.372s] Level 1:colcon.colcon_core.package_identification:_identify(src/arcs3r21v2_description) by extensions ['colcon_meta']
[0.372s] Level 1:colcon.colcon_core.package_identification:_identify(src/arcs3r21v2_description) by extension 'colcon_meta'
[0.372s] Level 1:colcon.colcon_core.package_identification:_identify(src/arcs3r21v2_description) by extensions ['ros']
[0.372s] Level 1:colcon.colcon_core.package_identification:_identify(src/arcs3r21v2_description) by extension 'ros'
[0.377s] DEBUG:colcon.colcon_core.package_identification:Package 'src/arcs3r21v2_description' with type 'ros.ament_python' and name 'arcs3r21v2_description'
[0.378s] Level 1:colcon.colcon_core.package_identification:_identify(src/joint_movement) by extensions ['ignore', 'ignore_ament_install']
[0.378s] Level 1:colcon.colcon_core.package_identification:_identify(src/joint_movement) by extension 'ignore'
[0.378s] Level 1:colcon.colcon_core.package_identification:_identify(src/joint_movement) by extension 'ignore_ament_install'
[0.378s] Level 1:colcon.colcon_core.package_identification:_identify(src/joint_movement) by extensions ['colcon_pkg']
[0.378s] Level 1:colcon.colcon_core.package_identification:_identify(src/joint_movement) by extension 'colcon_pkg'
[0.379s] Level 1:colcon.colcon_core.package_identification:_identify(src/joint_movement) by extensions ['colcon_meta']
[0.379s] Level 1:colcon.colcon_core.package_identification:_identify(src/joint_movement) by extension 'colcon_meta'
[0.379s] Level 1:colcon.colcon_core.package_identification:_identify(src/joint_movement) by extensions ['ros']
[0.379s] Level 1:colcon.colcon_core.package_identification:_identify(src/joint_movement) by extension 'ros'
[0.381s] DEBUG:colcon.colcon_core.package_identification:Package 'src/joint_movement' with type 'ros.ament_python' and name 'joint_movement'
[0.381s] Level 1:colcon.colcon_core.package_discovery:discover_packages(recursive) using defaults
[0.381s] Level 1:colcon.colcon_core.package_discovery:discover_packages(ignore) discover
[0.382s] Level 1:colcon.colcon_core.package_discovery:discover_packages(ignore) using defaults
[0.382s] Level 1:colcon.colcon_core.package_discovery:discover_packages(path) discover
[0.382s] Level 1:colcon.colcon_core.package_discovery:discover_packages(path) using defaults
[0.411s] Level 1:colcon.colcon_core.package_discovery:discover_packages(prefix_path) check parameters
[0.411s] Level 1:colcon.colcon_core.package_discovery:discover_packages(prefix_path) discover
[0.413s] DEBUG:colcon.colcon_installed_package_information.package_discovery:Found 2 installed packages in /home/amos/cs_ws/install
[0.414s] DEBUG:colcon.colcon_installed_package_information.package_discovery:Found 2 installed packages in /home/amos/ros2_ws/install
[0.415s] DEBUG:colcon.colcon_installed_package_information.package_discovery:Found 280 installed packages in /opt/ros/humble
[0.417s] Level 1:colcon.colcon_core.package_discovery:discover_packages(prefix_path) using defaults
[0.496s] Level 5:colcon.colcon_core.verb:set package 'arcs3r21v2_description' build argument 'cmake_args' from command line to 'None'
[0.497s] Level 5:colcon.colcon_core.verb:set package 'arcs3r21v2_description' build argument 'cmake_target' from command line to 'None'
[0.497s] Level 5:colcon.colcon_core.verb:set package 'arcs3r21v2_description' build argument 'cmake_target_skip_unavailable' from command line to 'False'
[0.498s] Level 5:colcon.colcon_core.verb:set package 'arcs3r21v2_description' build argument 'cmake_clean_cache' from command line to 'False'
[0.498s] Level 5:colcon.colcon_core.verb:set package 'arcs3r21v2_description' build argument 'cmake_clean_first' from command line to 'False'
[0.498s] Level 5:colcon.colcon_core.verb:set package 'arcs3r21v2_description' build argument 'cmake_force_configure' from command line to 'False'
[0.499s] Level 5:colcon.colcon_core.verb:set package 'arcs3r21v2_description' build argument 'ament_cmake_args' from command line to 'None'
[0.499s] Level 5:colcon.colcon_core.verb:set package 'arcs3r21v2_description' build argument 'catkin_cmake_args' from command line to 'None'
[0.499s] Level 5:colcon.colcon_core.verb:set package 'arcs3r21v2_description' build argument 'catkin_skip_building_tests' from command line to 'False'
[0.499s] DEBUG:colcon.colcon_core.verb:Building package 'arcs3r21v2_description' with the following arguments: {'ament_cmake_args': None, 'build_base': '/home/amos/cs_ws/build/arcs3r21v2_description', 'catkin_cmake_args': None, 'catkin_skip_building_tests': False, 'cmake_args': None, 'cmake_clean_cache': False, 'cmake_clean_first': False, 'cmake_force_configure': False, 'cmake_target': None, 'cmake_target_skip_unavailable': False, 'install_base': '/home/amos/cs_ws/install/arcs3r21v2_description', 'merge_install': False, 'path': '/home/amos/cs_ws/src/arcs3r21v2_description', 'symlink_install': True, 'test_result_base': None}
[0.500s] Level 5:colcon.colcon_core.verb:set package 'joint_movement' build argument 'cmake_args' from command line to 'None'
[0.501s] Level 5:colcon.colcon_core.verb:set package 'joint_movement' build argument 'cmake_target' from command line to 'None'
[0.501s] Level 5:colcon.colcon_core.verb:set package 'joint_movement' build argument 'cmake_target_skip_unavailable' from command line to 'False'
[0.501s] Level 5:colcon.colcon_core.verb:set package 'joint_movement' build argument 'cmake_clean_cache' from command line to 'False'
[0.501s] Level 5:colcon.colcon_core.verb:set package 'joint_movement' build argument 'cmake_clean_first' from command line to 'False'
[0.502s] Level 5:colcon.colcon_core.verb:set package 'joint_movement' build argument 'cmake_force_configure' from command line to 'False'
[0.502s] Level 5:colcon.colcon_core.verb:set package 'joint_movement' build argument 'ament_cmake_args' from command line to 'None'
[0.503s] Level 5:colcon.colcon_core.verb:set package 'joint_movement' build argument 'catkin_cmake_args' from command line to 'None'
[0.503s] Level 5:colcon.colcon_core.verb:set package 'joint_movement' build argument 'catkin_skip_building_tests' from command line to 'False'
[0.503s] DEBUG:colcon.colcon_core.verb:Building package 'joint_movement' with the following arguments: {'ament_cmake_args': None, 'build_base': '/home/amos/cs_ws/build/joint_movement', 'catkin_cmake_args': None, 'catkin_skip_building_tests': False, 'cmake_args': None, 'cmake_clean_cache': False, 'cmake_clean_first': False, 'cmake_force_configure': False, 'cmake_target': None, 'cmake_target_skip_unavailable': False, 'install_base': '/home/amos/cs_ws/install/joint_movement', 'merge_install': False, 'path': '/home/amos/cs_ws/src/joint_movement', 'symlink_install': True, 'test_result_base': None}
[0.504s] INFO:colcon.colcon_core.executor:Executing jobs using 'parallel' executor
[0.509s] DEBUG:colcon.colcon_parallel_executor.executor.parallel:run_until_complete
[0.514s] INFO:colcon.colcon_ros.task.ament_python.build:Building ROS package in '/home/amos/cs_ws/src/arcs3r21v2_description' with build type 'ament_python'
[0.515s] Level 1:colcon.colcon_core.shell:create_environment_hook('arcs3r21v2_description', 'ament_prefix_path')
[0.521s] INFO:colcon.colcon_core.plugin_system:Skipping extension 'colcon_core.shell.bat': Not used on non-Windows systems
[0.523s] INFO:colcon.colcon_core.shell:Creating environment hook '/home/amos/cs_ws/install/arcs3r21v2_description/share/arcs3r21v2_description/hook/ament_prefix_path.ps1'
[0.527s] INFO:colcon.colcon_core.shell:Creating environment descriptor '/home/amos/cs_ws/install/arcs3r21v2_description/share/arcs3r21v2_description/hook/ament_prefix_path.dsv'
[0.529s] INFO:colcon.colcon_core.shell:Creating environment hook '/home/amos/cs_ws/install/arcs3r21v2_description/share/arcs3r21v2_description/hook/ament_prefix_path.sh'
[0.535s] INFO:colcon.colcon_core.shell:Skip shell extension 'powershell' for command environment: Not usable outside of PowerShell
[0.537s] DEBUG:colcon.colcon_core.shell:Skip shell extension 'dsv' for command environment
[0.548s] INFO:colcon.colcon_ros.task.ament_python.build:Building ROS package in '/home/amos/cs_ws/src/joint_movement' with build type 'ament_python'
[0.549s] Level 1:colcon.colcon_core.shell:create_environment_hook('joint_movement', 'ament_prefix_path')
[0.550s] INFO:colcon.colcon_core.shell:Creating environment hook '/home/amos/cs_ws/install/joint_movement/share/joint_movement/hook/ament_prefix_path.ps1'
[0.552s] INFO:colcon.colcon_core.shell:Creating environment descriptor '/home/amos/cs_ws/install/joint_movement/share/joint_movement/hook/ament_prefix_path.dsv'
[0.553s] INFO:colcon.colcon_core.shell:Creating environment hook '/home/amos/cs_ws/install/joint_movement/share/joint_movement/hook/ament_prefix_path.sh'
[0.554s] INFO:colcon.colcon_core.shell:Skip shell extension 'powershell' for command environment: Not usable outside of PowerShell
[0.555s] DEBUG:colcon.colcon_core.shell:Skip shell extension 'dsv' for command environment
[0.998s] INFO:colcon.colcon_core.task.python.build:Building Python package in '/home/amos/cs_ws/src/arcs3r21v2_description'
[0.998s] INFO:colcon.colcon_core.shell:Skip shell extension 'powershell' for command environment: Not usable outside of PowerShell
[0.998s] DEBUG:colcon.colcon_core.shell:Skip shell extension 'dsv' for command environment
[1.547s] INFO:colcon.colcon_core.task.python.build:Building Python package in '/home/amos/cs_ws/src/joint_movement'
[1.548s] INFO:colcon.colcon_core.shell:Skip shell extension 'powershell' for command environment: Not usable outside of PowerShell
[1.548s] DEBUG:colcon.colcon_core.shell:Skip shell extension 'dsv' for command environment
[2.103s] DEBUG:colcon.colcon_core.event_handler.log_command:Invoking command in '/home/amos/cs_ws/build/joint_movement': PYTHONPATH=/home/amos/cs_ws/build/joint_movement/prefix_override:/usr/lib/python3/dist-packages/colcon_core/task/python/colcon_distutils_commands:/home/amos/cs_ws/install/joint_movement/lib/python3.10/site-packages:${PYTHONPATH} /usr/bin/python3 -W ignore:setup.py install is deprecated setup.py develop --editable --build-directory /home/amos/cs_ws/build/joint_movement/build --no-deps symlink_data
[2.462s] DEBUG:colcon.colcon_core.event_handler.log_command:Invoking command in '/home/amos/cs_ws/build/arcs3r21v2_description': PYTHONPATH=/home/amos/cs_ws/build/arcs3r21v2_description/prefix_override:/usr/lib/python3/dist-packages/colcon_core/task/python/colcon_distutils_commands:/home/amos/cs_ws/install/arcs3r21v2_description/lib/python3.10/site-packages:${PYTHONPATH} /usr/bin/python3 -W ignore:setup.py install is deprecated setup.py develop --editable --build-directory /home/amos/cs_ws/build/arcs3r21v2_description/build --no-deps symlink_data
[3.157s] Level 1:colcon.colcon_core.shell:create_environment_hook('joint_movement', 'pythonpath_develop')
[3.158s] DEBUG:colcon.colcon_core.event_handler.log_command:Invoked command in '/home/amos/cs_ws/build/joint_movement' returned '0': PYTHONPATH=/home/amos/cs_ws/build/joint_movement/prefix_override:/usr/lib/python3/dist-packages/colcon_core/task/python/colcon_distutils_commands:/home/amos/cs_ws/install/joint_movement/lib/python3.10/site-packages:${PYTHONPATH} /usr/bin/python3 -W ignore:setup.py install is deprecated setup.py develop --editable --build-directory /home/amos/cs_ws/build/joint_movement/build --no-deps symlink_data
[3.159s] INFO:colcon.colcon_core.shell:Creating environment hook '/home/amos/cs_ws/build/joint_movement/share/joint_movement/hook/pythonpath_develop.ps1'
[3.160s] INFO:colcon.colcon_core.shell:Creating environment descriptor '/home/amos/cs_ws/build/joint_movement/share/joint_movement/hook/pythonpath_develop.dsv'
[3.161s] INFO:colcon.colcon_core.shell:Creating environment hook '/home/amos/cs_ws/build/joint_movement/share/joint_movement/hook/pythonpath_develop.sh'
[3.169s] Level 1:colcon.colcon_core.environment:checking '/home/amos/cs_ws/install/joint_movement' for CMake module files
[3.170s] Level 1:colcon.colcon_core.environment:checking '/home/amos/cs_ws/install/joint_movement' for CMake config files
[3.171s] Level 1:colcon.colcon_core.environment:checking '/home/amos/cs_ws/install/joint_movement/lib'
[3.172s] Level 1:colcon.colcon_core.environment:checking '/home/amos/cs_ws/install/joint_movement/bin'
[3.172s] Level 1:colcon.colcon_core.environment:checking '/home/amos/cs_ws/install/joint_movement/lib/pkgconfig/joint_movement.pc'
[3.172s] Level 1:colcon.colcon_core.environment:checking '/home/amos/cs_ws/install/joint_movement/lib/python3.10/site-packages'
[3.172s] Level 1:colcon.colcon_core.shell:create_environment_hook('joint_movement', 'pythonpath')
[3.173s] INFO:colcon.colcon_core.shell:Creating environment hook '/home/amos/cs_ws/install/joint_movement/share/joint_movement/hook/pythonpath.ps1'
[3.173s] INFO:colcon.colcon_core.shell:Creating environment descriptor '/home/amos/cs_ws/install/joint_movement/share/joint_movement/hook/pythonpath.dsv'
[3.174s] INFO:colcon.colcon_core.shell:Creating environment hook '/home/amos/cs_ws/install/joint_movement/share/joint_movement/hook/pythonpath.sh'
[3.175s] Level 1:colcon.colcon_core.environment:checking '/home/amos/cs_ws/install/joint_movement/bin'
[3.175s] Level 1:colcon.colcon_core.environment:create_environment_scripts_only(joint_movement)
[3.175s] INFO:colcon.colcon_core.shell:Creating package script '/home/amos/cs_ws/install/joint_movement/share/joint_movement/package.ps1'
[3.177s] INFO:colcon.colcon_core.shell:Creating package descriptor '/home/amos/cs_ws/install/joint_movement/share/joint_movement/package.dsv'
[3.177s] INFO:colcon.colcon_core.shell:Creating package script '/home/amos/cs_ws/install/joint_movement/share/joint_movement/package.sh'
[3.180s] INFO:colcon.colcon_core.shell:Creating package script '/home/amos/cs_ws/install/joint_movement/share/joint_movement/package.bash'
[3.184s] INFO:colcon.colcon_core.shell:Creating package script '/home/amos/cs_ws/install/joint_movement/share/joint_movement/package.zsh'
[3.185s] Level 1:colcon.colcon_core.environment:create_file_with_runtime_dependencies(/home/amos/cs_ws/install/joint_movement/share/colcon-core/packages/joint_movement)
[3.474s] Level 1:colcon.colcon_core.shell:create_environment_hook('arcs3r21v2_description', 'pythonpath_develop')
[3.475s] INFO:colcon.colcon_core.shell:Creating environment hook '/home/amos/cs_ws/build/arcs3r21v2_description/share/arcs3r21v2_description/hook/pythonpath_develop.ps1'
[3.477s] DEBUG:colcon.colcon_core.event_handler.log_command:Invoked command in '/home/amos/cs_ws/build/arcs3r21v2_description' returned '0': PYTHONPATH=/home/amos/cs_ws/build/arcs3r21v2_description/prefix_override:/usr/lib/python3/dist-packages/colcon_core/task/python/colcon_distutils_commands:/home/amos/cs_ws/install/arcs3r21v2_description/lib/python3.10/site-packages:${PYTHONPATH} /usr/bin/python3 -W ignore:setup.py install is deprecated setup.py develop --editable --build-directory /home/amos/cs_ws/build/arcs3r21v2_description/build --no-deps symlink_data
[3.477s] INFO:colcon.colcon_core.shell:Creating environment descriptor '/home/amos/cs_ws/build/arcs3r21v2_description/share/arcs3r21v2_description/hook/pythonpath_develop.dsv'
[3.477s] INFO:colcon.colcon_core.shell:Creating environment hook '/home/amos/cs_ws/build/arcs3r21v2_description/share/arcs3r21v2_description/hook/pythonpath_develop.sh'
[3.478s] Level 1:colcon.colcon_core.environment:checking '/home/amos/cs_ws/install/arcs3r21v2_description' for CMake module files
[3.479s] Level 1:colcon.colcon_core.environment:checking '/home/amos/cs_ws/install/arcs3r21v2_description' for CMake config files
[3.479s] Level 1:colcon.colcon_core.environment:checking '/home/amos/cs_ws/install/arcs3r21v2_description/lib'
[3.479s] Level 1:colcon.colcon_core.environment:checking '/home/amos/cs_ws/install/arcs3r21v2_description/bin'
[3.479s] Level 1:colcon.colcon_core.environment:checking '/home/amos/cs_ws/install/arcs3r21v2_description/lib/pkgconfig/arcs3r21v2_description.pc'
[3.480s] Level 1:colcon.colcon_core.environment:checking '/home/amos/cs_ws/install/arcs3r21v2_description/lib/python3.10/site-packages'
[3.480s] Level 1:colcon.colcon_core.shell:create_environment_hook('arcs3r21v2_description', 'pythonpath')
[3.480s] INFO:colcon.colcon_core.shell:Creating environment hook '/home/amos/cs_ws/install/arcs3r21v2_description/share/arcs3r21v2_description/hook/pythonpath.ps1'
[3.481s] INFO:colcon.colcon_core.shell:Creating environment descriptor '/home/amos/cs_ws/install/arcs3r21v2_description/share/arcs3r21v2_description/hook/pythonpath.dsv'
[3.481s] INFO:colcon.colcon_core.shell:Creating environment hook '/home/amos/cs_ws/install/arcs3r21v2_description/share/arcs3r21v2_description/hook/pythonpath.sh'
[3.482s] Level 1:colcon.colcon_core.environment:checking '/home/amos/cs_ws/install/arcs3r21v2_description/bin'
[3.482s] Level 1:colcon.colcon_core.environment:create_environment_scripts_only(arcs3r21v2_description)
[3.482s] INFO:colcon.colcon_core.shell:Creating package script '/home/amos/cs_ws/install/arcs3r21v2_description/share/arcs3r21v2_description/package.ps1'
[3.483s] INFO:colcon.colcon_core.shell:Creating package descriptor '/home/amos/cs_ws/install/arcs3r21v2_description/share/arcs3r21v2_description/package.dsv'
[3.484s] INFO:colcon.colcon_core.shell:Creating package script '/home/amos/cs_ws/install/arcs3r21v2_description/share/arcs3r21v2_description/package.sh'
[3.485s] INFO:colcon.colcon_core.shell:Creating package script '/home/amos/cs_ws/install/arcs3r21v2_description/share/arcs3r21v2_description/package.bash'
[3.486s] INFO:colcon.colcon_core.shell:Creating package script '/home/amos/cs_ws/install/arcs3r21v2_description/share/arcs3r21v2_description/package.zsh'
[3.486s] Level 1:colcon.colcon_core.environment:create_file_with_runtime_dependencies(/home/amos/cs_ws/install/arcs3r21v2_description/share/colcon-core/packages/arcs3r21v2_description)
[3.487s] DEBUG:colcon.colcon_parallel_executor.executor.parallel:closing loop
[3.488s] DEBUG:colcon.colcon_parallel_executor.executor.parallel:loop closed
[3.488s] DEBUG:colcon.colcon_parallel_executor.executor.parallel:run_until_complete finished with '0'
[3.488s] DEBUG:colcon.colcon_core.event_reactor:joining thread
[3.496s] INFO:colcon.colcon_core.plugin_system:Skipping extension 'colcon_notification.desktop_notification.terminal_notifier': Not used on non-Darwin systems
[3.496s] INFO:colcon.colcon_core.plugin_system:Skipping extension 'colcon_notification.desktop_notification.win32': Not used on non-Windows systems
[3.496s] INFO:colcon.colcon_notification.desktop_notification:Sending desktop notification using 'notify2'
[3.515s] DEBUG:colcon.colcon_core.event_reactor:joined thread
[3.517s] INFO:colcon.colcon_core.shell:Creating prefix script '/home/amos/cs_ws/install/local_setup.ps1'
[3.519s] INFO:colcon.colcon_core.shell:Creating prefix util module '/home/amos/cs_ws/install/_local_setup_util_ps1.py'
[3.521s] INFO:colcon.colcon_core.shell:Creating prefix chain script '/home/amos/cs_ws/install/setup.ps1'
[3.524s] INFO:colcon.colcon_core.shell:Creating prefix script '/home/amos/cs_ws/install/local_setup.sh'
[3.525s] INFO:colcon.colcon_core.shell:Creating prefix util module '/home/amos/cs_ws/install/_local_setup_util_sh.py'
[3.528s] INFO:colcon.colcon_core.shell:Creating prefix chain script '/home/amos/cs_ws/install/setup.sh'
[3.530s] INFO:colcon.colcon_core.shell:Creating prefix script '/home/amos/cs_ws/install/local_setup.bash'
[3.534s] INFO:colcon.colcon_core.shell:Creating prefix chain script '/home/amos/cs_ws/install/setup.bash'
[3.538s] INFO:colcon.colcon_core.shell:Creating prefix script '/home/amos/cs_ws/install/local_setup.zsh'
[3.541s] INFO:colcon.colcon_core.shell:Creating prefix chain script '/home/amos/cs_ws/install/setup.zsh'
