/home/amos/cs_ws/install/arcs3r21v2_description/lib/python3.10/site-packages/arcs3r21v2_description/__init__.py
/home/amos/cs_ws/install/arcs3r21v2_description/lib/python3.10/site-packages/arcs3r21v2_description/__pycache__/__init__.cpython-310.pyc
/home/amos/cs_ws/install/arcs3r21v2_description/share/ament_index/resource_index/packages/arcs3r21v2_description
/home/amos/cs_ws/install/arcs3r21v2_description/share/arcs3r21v2_description/package.xml
/home/amos/cs_ws/install/arcs3r21v2_description/share/arcs3r21v2_description/launch/display.launch.py
/home/amos/cs_ws/install/arcs3r21v2_description/share/arcs3r21v2_description/launch/gazebo.launch.py
/home/amos/cs_ws/install/arcs3r21v2_description/share/arcs3r21v2_description/urdf/arcs3r21v2.trans
/home/amos/cs_ws/install/arcs3r21v2_description/share/arcs3r21v2_description/urdf/materials.xacro
/home/amos/cs_ws/install/arcs3r21v2_description/share/arcs3r21v2_description/urdf/arcs3r21v2.xacro
/home/amos/cs_ws/install/arcs3r21v2_description/share/arcs3r21v2_description/urdf/arcs3r21v2.gazebo
/home/amos/cs_ws/install/arcs3r21v2_description/share/arcs3r21v2_description/meshes/link2_1.stl
/home/amos/cs_ws/install/arcs3r21v2_description/share/arcs3r21v2_description/meshes/link3_1.stl
/home/amos/cs_ws/install/arcs3r21v2_description/share/arcs3r21v2_description/meshes/link4_1.stl
/home/amos/cs_ws/install/arcs3r21v2_description/share/arcs3r21v2_description/meshes/link5_1.stl
/home/amos/cs_ws/install/arcs3r21v2_description/share/arcs3r21v2_description/meshes/base_link.stl
/home/amos/cs_ws/install/arcs3r21v2_description/share/arcs3r21v2_description/meshes/link6_1.stl
/home/amos/cs_ws/install/arcs3r21v2_description/share/arcs3r21v2_description/meshes/link1_1.stl
/home/amos/cs_ws/install/arcs3r21v2_description/share/arcs3r21v2_description/config/display.rviz
/home/amos/cs_ws/install/arcs3r21v2_description/lib/python3.10/site-packages/arcs3r21v2_description-0.0.0-py3.10.egg-info/SOURCES.txt
/home/amos/cs_ws/install/arcs3r21v2_description/lib/python3.10/site-packages/arcs3r21v2_description-0.0.0-py3.10.egg-info/zip-safe
/home/amos/cs_ws/install/arcs3r21v2_description/lib/python3.10/site-packages/arcs3r21v2_description-0.0.0-py3.10.egg-info/entry_points.txt
/home/amos/cs_ws/install/arcs3r21v2_description/lib/python3.10/site-packages/arcs3r21v2_description-0.0.0-py3.10.egg-info/PKG-INFO
/home/amos/cs_ws/install/arcs3r21v2_description/lib/python3.10/site-packages/arcs3r21v2_description-0.0.0-py3.10.egg-info/requires.txt
/home/amos/cs_ws/install/arcs3r21v2_description/lib/python3.10/site-packages/arcs3r21v2_description-0.0.0-py3.10.egg-info/dependency_links.txt
/home/amos/cs_ws/install/arcs3r21v2_description/lib/python3.10/site-packages/arcs3r21v2_description-0.0.0-py3.10.egg-info/top_level.txt
